{"total": {"lines":{"total":873,"covered":763,"skipped":0,"pct":87.39},"statements":{"total":893,"covered":780,"skipped":0,"pct":87.34},"functions":{"total":217,"covered":197,"skipped":0,"pct":90.78},"branches":{"total":171,"covered":106,"skipped":0,"pct":61.98},"branchesTrue":{"total":0,"covered":0,"skipped":0,"pct":100}}
,"/data-files/Projects/libchrono/duration/src/index.ts": {"lines":{"total":3,"covered":0,"skipped":0,"pct":0},"functions":{"total":3,"covered":0,"skipped":0,"pct":0},"statements":{"total":6,"covered":0,"skipped":0,"pct":0},"branches":{"total":0,"covered":0,"skipped":0,"pct":100}}
,"/data-files/Projects/libchrono/duration/src/core/default-daytime.ts": {"lines":{"total":1,"covered":1,"skipped":0,"pct":100},"functions":{"total":0,"covered":0,"skipped":0,"pct":100},"statements":{"total":1,"covered":1,"skipped":0,"pct":100},"branches":{"total":0,"covered":0,"skipped":0,"pct":100}}
,"/data-files/Projects/libchrono/duration/src/core/default-options.ts": {"lines":{"total":2,"covered":2,"skipped":0,"pct":100},"functions":{"total":0,"covered":0,"skipped":0,"pct":100},"statements":{"total":2,"covered":2,"skipped":0,"pct":100},"branches":{"total":0,"covered":0,"skipped":0,"pct":100}}
,"/data-files/Projects/libchrono/duration/src/core/duration-error-listener.ts": {"lines":{"total":8,"covered":8,"skipped":0,"pct":100},"functions":{"total":5,"covered":5,"skipped":0,"pct":100},"statements":{"total":8,"covered":8,"skipped":0,"pct":100},"branches":{"total":0,"covered":0,"skipped":0,"pct":100}}
,"/data-files/Projects/libchrono/duration/src/core/duration-grammar-utils.ts": {"lines":{"total":19,"covered":19,"skipped":0,"pct":100},"functions":{"total":2,"covered":2,"skipped":0,"pct":100},"statements":{"total":19,"covered":19,"skipped":0,"pct":100},"branches":{"total":2,"covered":2,"skipped":0,"pct":100}}
,"/data-files/Projects/libchrono/duration/src/core/duration-parse-error.ts": {"lines":{"total":3,"covered":3,"skipped":0,"pct":100},"functions":{"total":1,"covered":1,"skipped":0,"pct":100},"statements":{"total":3,"covered":3,"skipped":0,"pct":100},"branches":{"total":0,"covered":0,"skipped":0,"pct":100}}
,"/data-files/Projects/libchrono/duration/src/core/duration-utils.ts": {"lines":{"total":35,"covered":35,"skipped":0,"pct":100},"functions":{"total":3,"covered":3,"skipped":0,"pct":100},"statements":{"total":35,"covered":35,"skipped":0,"pct":100},"branches":{"total":8,"covered":8,"skipped":0,"pct":100}}
,"/data-files/Projects/libchrono/duration/src/core/duration.ts": {"lines":{"total":36,"covered":36,"skipped":0,"pct":100},"functions":{"total":20,"covered":20,"skipped":0,"pct":100},"statements":{"total":45,"covered":45,"skipped":0,"pct":100},"branches":{"total":1,"covered":1,"skipped":0,"pct":100}}
,"/data-files/Projects/libchrono/duration/src/core/option-utils.ts": {"lines":{"total":5,"covered":5,"skipped":0,"pct":100},"functions":{"total":1,"covered":1,"skipped":0,"pct":100},"statements":{"total":6,"covered":6,"skipped":0,"pct":100},"branches":{"total":0,"covered":0,"skipped":0,"pct":100}}
,"/data-files/Projects/libchrono/duration/src/core/plain-duration-utils.ts": {"lines":{"total":43,"covered":43,"skipped":0,"pct":100},"functions":{"total":12,"covered":12,"skipped":0,"pct":100},"statements":{"total":45,"covered":45,"skipped":0,"pct":100},"branches":{"total":2,"covered":2,"skipped":0,"pct":100}}
,"/data-files/Projects/libchrono/duration/src/generated/duration-lexer.ts": {"lines":{"total":37,"covered":35,"skipped":0,"pct":94.59},"functions":{"total":10,"covered":8,"skipped":0,"pct":80},"statements":{"total":37,"covered":35,"skipped":0,"pct":94.59},"branches":{"total":1,"covered":1,"skipped":0,"pct":100}}
,"/data-files/Projects/libchrono/duration/src/generated/duration-listener.ts": {"lines":{"total":2,"covered":0,"skipped":0,"pct":0},"functions":{"total":0,"covered":0,"skipped":0,"pct":100},"statements":{"total":2,"covered":0,"skipped":0,"pct":0},"branches":{"total":0,"covered":0,"skipped":0,"pct":100}}
,"/data-files/Projects/libchrono/duration/src/generated/duration-parser.ts": {"lines":{"total":346,"covered":289,"skipped":0,"pct":83.52},"functions":{"total":23,"covered":22,"skipped":0,"pct":95.65},"statements":{"total":346,"covered":289,"skipped":0,"pct":83.52},"branches":{"total":59,"covered":27,"skipped":0,"pct":45.76}}
,"/data-files/Projects/libchrono/duration/src/generated/duration-visitor.ts": {"lines":{"total":2,"covered":0,"skipped":0,"pct":0},"functions":{"total":0,"covered":0,"skipped":0,"pct":100},"statements":{"total":2,"covered":0,"skipped":0,"pct":0},"branches":{"total":0,"covered":0,"skipped":0,"pct":100}}
,"/data-files/Projects/libchrono/duration/src/generated/context/days-statement-context.ts": {"lines":{"total":15,"covered":12,"skipped":0,"pct":80},"functions":{"total":7,"covered":6,"skipped":0,"pct":85.71},"statements":{"total":15,"covered":12,"skipped":0,"pct":80},"branches":{"total":4,"covered":2,"skipped":0,"pct":50}}
,"/data-files/Projects/libchrono/duration/src/generated/context/duration-expression-context.ts": {"lines":{"total":18,"covered":15,"skipped":0,"pct":83.33},"functions":{"total":8,"covered":7,"skipped":0,"pct":87.5},"statements":{"total":18,"covered":15,"skipped":0,"pct":83.33},"branches":{"total":4,"covered":2,"skipped":0,"pct":50}}
,"/data-files/Projects/libchrono/duration/src/generated/context/duration-expression-tail-context.ts": {"lines":{"total":17,"covered":14,"skipped":0,"pct":82.35},"functions":{"total":8,"covered":7,"skipped":0,"pct":87.5},"statements":{"total":17,"covered":14,"skipped":0,"pct":82.35},"branches":{"total":4,"covered":2,"skipped":0,"pct":50}}
,"/data-files/Projects/libchrono/duration/src/generated/context/duration-factor-context.ts": {"lines":{"total":19,"covered":16,"skipped":0,"pct":84.21},"functions":{"total":9,"covered":8,"skipped":0,"pct":88.88},"statements":{"total":19,"covered":16,"skipped":0,"pct":84.21},"branches":{"total":4,"covered":2,"skipped":0,"pct":50}}
,"/data-files/Projects/libchrono/duration/src/generated/context/duration-statement-context.ts": {"lines":{"total":25,"covered":22,"skipped":0,"pct":88},"functions":{"total":11,"covered":10,"skipped":0,"pct":90.9},"statements":{"total":25,"covered":22,"skipped":0,"pct":88},"branches":{"total":4,"covered":2,"skipped":0,"pct":50}}
,"/data-files/Projects/libchrono/duration/src/generated/context/duration-term-context.ts": {"lines":{"total":18,"covered":15,"skipped":0,"pct":83.33},"functions":{"total":8,"covered":7,"skipped":0,"pct":87.5},"statements":{"total":18,"covered":15,"skipped":0,"pct":83.33},"branches":{"total":4,"covered":2,"skipped":0,"pct":50}}
,"/data-files/Projects/libchrono/duration/src/generated/context/duration-term-tail-context.ts": {"lines":{"total":17,"covered":14,"skipped":0,"pct":82.35},"functions":{"total":8,"covered":7,"skipped":0,"pct":87.5},"statements":{"total":17,"covered":14,"skipped":0,"pct":82.35},"branches":{"total":4,"covered":2,"skipped":0,"pct":50}}
,"/data-files/Projects/libchrono/duration/src/generated/context/hours-statement-context.ts": {"lines":{"total":15,"covered":12,"skipped":0,"pct":80},"functions":{"total":7,"covered":6,"skipped":0,"pct":85.71},"statements":{"total":15,"covered":12,"skipped":0,"pct":80},"branches":{"total":4,"covered":2,"skipped":0,"pct":50}}
,"/data-files/Projects/libchrono/duration/src/generated/context/milliseconds-statement-context.ts": {"lines":{"total":15,"covered":12,"skipped":0,"pct":80},"functions":{"total":7,"covered":6,"skipped":0,"pct":85.71},"statements":{"total":15,"covered":12,"skipped":0,"pct":80},"branches":{"total":4,"covered":2,"skipped":0,"pct":50}}
,"/data-files/Projects/libchrono/duration/src/generated/context/minutes-statement-context.ts": {"lines":{"total":15,"covered":12,"skipped":0,"pct":80},"functions":{"total":7,"covered":6,"skipped":0,"pct":85.71},"statements":{"total":15,"covered":12,"skipped":0,"pct":80},"branches":{"total":4,"covered":2,"skipped":0,"pct":50}}
,"/data-files/Projects/libchrono/duration/src/generated/context/parse-duration-context.ts": {"lines":{"total":18,"covered":15,"skipped":0,"pct":83.33},"functions":{"total":8,"covered":7,"skipped":0,"pct":87.5},"statements":{"total":18,"covered":15,"skipped":0,"pct":83.33},"branches":{"total":4,"covered":2,"skipped":0,"pct":50}}
,"/data-files/Projects/libchrono/duration/src/generated/context/seconds-statement-context.ts": {"lines":{"total":15,"covered":12,"skipped":0,"pct":80},"functions":{"total":7,"covered":6,"skipped":0,"pct":85.71},"statements":{"total":15,"covered":12,"skipped":0,"pct":80},"branches":{"total":4,"covered":2,"skipped":0,"pct":50}}
,"/data-files/Projects/libchrono/duration/src/generated/context/value-statement-context.ts": {"lines":{"total":14,"covered":11,"skipped":0,"pct":78.57},"functions":{"total":6,"covered":5,"skipped":0,"pct":83.33},"statements":{"total":14,"covered":11,"skipped":0,"pct":78.57},"branches":{"total":4,"covered":2,"skipped":0,"pct":50}}
,"/data-files/Projects/libchrono/duration/src/generated/context/weeks-statement-context.ts": {"lines":{"total":15,"covered":12,"skipped":0,"pct":80},"functions":{"total":7,"covered":6,"skipped":0,"pct":85.71},"statements":{"total":15,"covered":12,"skipped":0,"pct":80},"branches":{"total":4,"covered":2,"skipped":0,"pct":50}}
,"/data-files/Projects/libchrono/duration/src/terms/contexts-guards.ts": {"lines":{"total":4,"covered":4,"skipped":0,"pct":100},"functions":{"total":2,"covered":2,"skipped":0,"pct":100},"statements":{"total":6,"covered":6,"skipped":0,"pct":100},"branches":{"total":8,"covered":8,"skipped":0,"pct":100}}
,"/data-files/Projects/libchrono/duration/src/terms/duration-expression-tail.ts": {"lines":{"total":15,"covered":14,"skipped":0,"pct":93.33},"functions":{"total":4,"covered":4,"skipped":0,"pct":100},"statements":{"total":16,"covered":15,"skipped":0,"pct":93.75},"branches":{"total":5,"covered":4,"skipped":0,"pct":80}}
,"/data-files/Projects/libchrono/duration/src/terms/duration-expression.ts": {"lines":{"total":15,"covered":15,"skipped":0,"pct":100},"functions":{"total":5,"covered":5,"skipped":0,"pct":100},"statements":{"total":15,"covered":15,"skipped":0,"pct":100},"branches":{"total":0,"covered":0,"skipped":0,"pct":100}}
,"/data-files/Projects/libchrono/duration/src/terms/duration-factor.ts": {"lines":{"total":12,"covered":12,"skipped":0,"pct":100},"functions":{"total":3,"covered":3,"skipped":0,"pct":100},"statements":{"total":13,"covered":13,"skipped":0,"pct":100},"branches":{"total":7,"covered":7,"skipped":0,"pct":100}}
,"/data-files/Projects/libchrono/duration/src/terms/duration-statement.ts": {"lines":{"total":13,"covered":13,"skipped":0,"pct":100},"functions":{"total":3,"covered":3,"skipped":0,"pct":100},"statements":{"total":13,"covered":13,"skipped":0,"pct":100},"branches":{"total":9,"covered":7,"skipped":0,"pct":77.77}}
,"/data-files/Projects/libchrono/duration/src/terms/duration-term-tail.ts": {"lines":{"total":14,"covered":13,"skipped":0,"pct":92.85},"functions":{"total":4,"covered":4,"skipped":0,"pct":100},"statements":{"total":15,"covered":14,"skipped":0,"pct":93.33},"branches":{"total":9,"covered":7,"skipped":0,"pct":77.77}}
,"/data-files/Projects/libchrono/duration/src/terms/duration-term.ts": {"lines":{"total":16,"covered":16,"skipped":0,"pct":100},"functions":{"total":6,"covered":6,"skipped":0,"pct":100},"statements":{"total":16,"covered":16,"skipped":0,"pct":100},"branches":{"total":0,"covered":0,"skipped":0,"pct":100}}
,"/data-files/Projects/libchrono/duration/src/terms/types/expression-operator.ts": {"lines":{"total":3,"covered":3,"skipped":0,"pct":100},"functions":{"total":1,"covered":1,"skipped":0,"pct":100},"statements":{"total":3,"covered":3,"skipped":0,"pct":100},"branches":{"total":2,"covered":2,"skipped":0,"pct":100}}
,"/data-files/Projects/libchrono/duration/src/terms/types/term-operator.ts": {"lines":{"total":3,"covered":3,"skipped":0,"pct":100},"functions":{"total":1,"covered":1,"skipped":0,"pct":100},"statements":{"total":3,"covered":3,"skipped":0,"pct":100},"branches":{"total":2,"covered":2,"skipped":0,"pct":100}}
}
