TN:
SF:src/core/default-daytime.ts
FNF:1
FNH:1
DA:3,32
DA:4,16
DA:5,12
DA:6,1
LF:7
LH:4
end_of_record
TN:
SF:src/core/default-options.ts
FNF:1
FNH:1
DA:1,55
DA:4,32
DA:5,26
DA:6,14
DA:7,1
LF:8
LH:5
end_of_record
TN:
SF:src/core/duration-error-listener.ts
FNF:5
FNH:5
DA:4,1
DA:6,27
DA:7,43
DA:10,29
DA:11,8
DA:12,8
DA:13,14
DA:14,16
DA:15,16
DA:16,10
DA:17,54
DA:18,54
DA:19,32
DA:20,12
DA:22,71
DA:25,56
DA:27,80
DA:29,72
DA:30,1
LF:31
LH:19
end_of_record
TN:
SF:src/core/duration-grammar-utils.ts
FNF:3
FNH:2
DA:1,112
DA:3,116
DA:4,119
DA:9,71
DA:19,23
DA:20,14
DA:21,26
DA:22,10
DA:23,96
DA:24,86
DA:26,66
DA:28,41
DA:29,74
DA:30,9
DA:32,48
DA:46,25
DA:47,14
DA:48,26
DA:49,10
DA:50,130
DA:51,96
DA:52,92
DA:54,68
DA:56,41
DA:57,76
DA:58,9
DA:60,34
DA:62,2
LF:63
LH:28
end_of_record
TN:
SF:src/core/duration-parse-error.ts
FNF:1
FNH:1
DA:5,1
DA:7,131
DA:8,77
DA:10,1
LF:11
LH:4
end_of_record
TN:
SF:src/core/duration-utils.ts
FNF:4
FNH:3
DA:1,110
DA:2,84
DA:3,140
DA:4,136
DA:5,128
DA:6,100
DA:7,128
DA:13,138
DA:14,128
DA:15,123
DA:20,57
DA:26,17
DA:27,14
DA:28,50
DA:29,10
DA:30,80
DA:31,104
DA:32,144
DA:33,68
DA:34,86
DA:36,22
DA:37,88
DA:38,122
DA:39,80
DA:40,36
DA:41,115
DA:49,53
DA:50,114
DA:51,104
DA:52,68
DA:53,86
DA:54,54
DA:56,28
DA:57,70
DA:58,92
DA:59,26
DA:62,21
DA:63,18
DA:64,16
DA:65,10
DA:66,42
DA:67,128
DA:69,67
DA:70,107
DA:71,9
DA:73,135
DA:74,97
DA:75,101
DA:77,136
DA:79,2
LF:80
LH:50
end_of_record
TN:
SF:src/core/duration.ts
FNF:20
FNH:20
DA:1,127
DA:15,3
DA:16,30
DA:17,16
DA:18,10
DA:19,100
DA:20,14
DA:21,30
DA:22,28
DA:23,30
DA:24,34
DA:25,34
DA:26,38
DA:27,34
DA:28,6
DA:29,6
DA:30,12
DA:32,80
DA:38,24
DA:40,11
DA:42,55
DA:43,62
DA:44,39
DA:51,39
DA:52,123
DA:58,39
DA:59,123
DA:65,35
DA:66,99
DA:72,45
DA:73,49
DA:74,105
DA:75,9
DA:77,118
DA:83,33
DA:84,111
DA:89,31
DA:90,109
DA:95,33
DA:96,111
DA:101,37
DA:102,95
DA:107,37
DA:108,95
DA:113,128
DA:118,47
DA:119,127
DA:124,47
DA:125,123
DA:130,31
DA:131,111
DA:136,39
DA:137,14
DA:138,110
DA:139,112
DA:140,48
DA:148,31
DA:149,112
DA:150,75
DA:156,35
DA:157,139
DA:163,35
DA:164,143
DA:170,64
DA:171,2
LF:172
LH:65
end_of_record
TN:
SF:src/core/option-utils.ts
FNF:1
FNH:1
DA:1,67
DA:5,29
DA:7,38
DA:8,26
DA:9,76
DA:11,12
DA:12,22
DA:13,59
DA:14,61
DA:15,28
DA:16,2
LF:18
LH:11
end_of_record
TN:
SF:src/core/plain-duration-utils.ts
FNF:13
FNH:12
DA:4,96
DA:5,88
DA:6,109
DA:7,73
DA:8,77
DA:9,102
DA:10,80
DA:12,58
DA:13,26
DA:14,24
DA:15,26
DA:16,30
DA:17,30
DA:18,26
DA:19,3
DA:24,67
DA:30,39
DA:31,22
DA:32,18
DA:33,10
DA:34,110
DA:35,106
DA:36,110
DA:37,108
DA:38,108
DA:39,98
DA:40,23
DA:47,61
DA:48,111
DA:55,69
DA:56,46
DA:57,146
DA:58,166
DA:66,61
DA:67,101
DA:73,55
DA:74,54
DA:80,55
DA:81,54
DA:87,53
DA:88,24
DA:95,31
DA:96,30
DA:97,16
DA:98,10
DA:99,142
DA:100,136
DA:101,88
DA:102,96
DA:103,96
DA:105,14
DA:106,32
DA:107,30
DA:108,32
DA:109,36
DA:110,36
DA:111,64
DA:119,75
DA:120,60
DA:121,68
DA:122,118
DA:123,78
DA:124,31
DA:126,61
DA:127,110
DA:128,110
DA:130,71
DA:131,23
DA:132,9
DA:134,71
DA:135,21
DA:136,9
DA:138,92
DA:139,92
DA:140,44
DA:142,2
LF:143
LH:76
end_of_record
TN:
SF:src/generated/context/days-statement-context.ts
FNF:7
FNH:6
DA:1,43
DA:3,60
DA:6,61
DA:7,1
DA:8,8
DA:9,8
DA:10,15
DA:11,5
DA:12,33
DA:13,24
DA:16,8
DA:17,47
DA:20,8
DA:21,44
DA:24,8
DA:25,41
DA:28,16
DA:29,39
DA:30,38
DA:31,3
DA:34,16
DA:35,38
DA:36,37
DA:37,3
DA:41,0
DA:42,0
DA:43,0
DA:44,0
DA:45,1
LF:49
LH:25
end_of_record
TN:
SF:src/generated/context/duration-expression-context.ts
FNF:8
FNH:7
DA:1,43
DA:2,100
DA:3,79
DA:5,60
DA:8,66
DA:9,1
DA:10,8
DA:11,8
DA:12,15
DA:13,5
DA:14,33
DA:15,24
DA:18,8
DA:19,32
DA:20,21
DA:21,1
DA:22,2
DA:25,8
DA:26,33
DA:27,29
DA:28,2
DA:31,9
DA:32,32
DA:33,31
DA:34,1
DA:35,2
DA:38,8
DA:39,46
DA:42,16
DA:43,44
DA:44,43
DA:45,3
DA:48,16
DA:49,43
DA:50,42
DA:51,3
DA:55,0
DA:56,0
DA:57,0
DA:58,0
DA:59,1
LF:63
LH:37
end_of_record
TN:
SF:src/generated/context/duration-expression-tail-context.ts
FNF:8
FNH:7
DA:1,43
DA:2,91
DA:4,60
DA:7,70
DA:8,1
DA:9,8
DA:10,8
DA:11,15
DA:12,5
DA:13,33
DA:14,24
DA:17,8
DA:18,32
DA:19,27
DA:20,1
DA:21,2
DA:24,8
DA:25,44
DA:28,8
DA:29,44
DA:32,8
DA:33,50
DA:36,16
DA:37,48
DA:38,47
DA:39,3
DA:42,16
DA:43,47
DA:44,46
DA:45,3
DA:49,0
DA:50,0
DA:51,0
DA:52,0
DA:53,1
LF:57
LH:31
end_of_record
TN:
SF:src/generated/context/duration-factor-context.ts
FNF:9
FNH:8
DA:1,43
DA:2,91
DA:3,89
DA:5,60
DA:8,62
DA:9,1
DA:10,8
DA:11,8
DA:12,15
DA:13,5
DA:14,33
DA:15,24
DA:18,8
DA:19,32
DA:20,26
DA:21,1
DA:22,2
DA:25,8
DA:26,43
DA:29,8
DA:30,32
DA:31,27
DA:32,1
DA:33,2
DA:36,8
DA:37,43
DA:40,8
DA:41,42
DA:44,16
DA:45,40
DA:46,39
DA:47,3
DA:50,16
DA:51,39
DA:52,38
DA:53,3
DA:57,0
DA:58,0
DA:59,0
DA:60,0
DA:61,1
LF:65
LH:37
end_of_record
TN:
SF:src/generated/context/duration-statement-context.ts
FNF:11
FNH:10
DA:1,43
DA:2,81
DA:3,83
DA:4,97
DA:5,87
DA:6,87
DA:7,83
DA:9,60
DA:12,65
DA:13,1
DA:14,8
DA:15,8
DA:16,15
DA:17,5
DA:18,33
DA:19,24
DA:22,8
DA:23,32
DA:24,23
DA:25,1
DA:26,2
DA:29,8
DA:30,32
DA:31,22
DA:32,1
DA:33,2
DA:36,8
DA:37,32
DA:38,23
DA:39,1
DA:40,2
DA:43,8
DA:44,32
DA:45,25
DA:46,1
DA:47,2
DA:50,8
DA:51,32
DA:52,25
DA:53,1
DA:54,2
DA:57,8
DA:58,32
DA:59,30
DA:60,1
DA:61,2
DA:64,8
DA:65,45
DA:68,16
DA:69,43
DA:70,42
DA:71,3
DA:74,16
DA:75,42
DA:76,41
DA:77,3
DA:81,0
DA:82,0
DA:83,0
DA:84,0
DA:85,1
LF:89
LH:57
end_of_record
TN:
SF:src/generated/context/duration-term-context.ts
FNF:8
FNH:7
DA:1,43
DA:2,83
DA:3,88
DA:5,60
DA:8,60
DA:9,1
DA:10,8
DA:11,8
DA:12,15
DA:13,5
DA:14,33
DA:15,24
DA:18,8
DA:19,32
DA:20,23
DA:21,1
DA:22,2
DA:25,8
DA:26,33
DA:27,23
DA:28,2
DA:31,9
DA:32,32
DA:33,25
DA:34,1
DA:35,2
DA:38,8
DA:39,40
DA:42,16
DA:43,38
DA:44,37
DA:45,3
DA:48,16
DA:49,37
DA:50,36
DA:51,3
DA:55,0
DA:56,0
DA:57,0
DA:58,0
DA:59,1
LF:63
LH:37
end_of_record
TN:
SF:src/generated/context/duration-term-tail-context.ts
FNF:8
FNH:7
DA:1,43
DA:2,83
DA:4,60
DA:7,64
DA:8,1
DA:9,8
DA:10,8
DA:11,15
DA:12,5
DA:13,33
DA:14,24
DA:17,8
DA:18,32
DA:19,23
DA:20,1
DA:21,2
DA:24,8
DA:25,44
DA:28,8
DA:29,44
DA:32,8
DA:33,44
DA:36,16
DA:37,42
DA:38,41
DA:39,3
DA:42,16
DA:43,41
DA:44,40
DA:45,3
DA:49,0
DA:50,0
DA:51,0
DA:52,0
DA:53,1
LF:57
LH:31
end_of_record
TN:
SF:src/generated/context/hours-statement-context.ts
FNF:7
FNH:6
DA:1,43
DA:3,60
DA:6,62
DA:7,1
DA:8,8
DA:9,8
DA:10,15
DA:11,5
DA:12,33
DA:13,24
DA:16,8
DA:17,47
DA:20,8
DA:21,45
DA:24,8
DA:25,42
DA:28,16
DA:29,40
DA:30,39
DA:31,3
DA:34,16
DA:35,39
DA:36,38
DA:37,3
DA:41,0
DA:42,0
DA:43,0
DA:44,0
DA:45,1
LF:49
LH:25
end_of_record
TN:
SF:src/generated/context/milliseconds-statement-context.ts
FNF:7
FNH:6
DA:1,43
DA:3,60
DA:6,69
DA:7,1
DA:8,8
DA:9,8
DA:10,15
DA:11,5
DA:12,33
DA:13,24
DA:16,8
DA:17,47
DA:20,8
DA:21,53
DA:24,8
DA:25,49
DA:28,16
DA:29,47
DA:30,46
DA:31,3
DA:34,16
DA:35,46
DA:36,45
DA:37,3
DA:41,0
DA:42,0
DA:43,0
DA:44,0
DA:45,1
LF:49
LH:25
end_of_record
TN:
SF:src/generated/context/minutes-statement-context.ts
FNF:7
FNH:6
DA:1,43
DA:3,60
DA:6,64
DA:7,1
DA:8,8
DA:9,8
DA:10,15
DA:11,5
DA:12,33
DA:13,24
DA:16,8
DA:17,47
DA:20,8
DA:21,47
DA:24,8
DA:25,44
DA:28,16
DA:29,42
DA:30,41
DA:31,3
DA:34,16
DA:35,41
DA:36,40
DA:37,3
DA:41,0
DA:42,0
DA:43,0
DA:44,0
DA:45,1
LF:49
LH:25
end_of_record
TN:
SF:src/generated/context/parse-duration-context.ts
FNF:8
FNH:7
DA:1,43
DA:2,91
DA:3,89
DA:5,60
DA:8,61
DA:9,1
DA:10,8
DA:11,8
DA:12,15
DA:13,5
DA:14,33
DA:15,24
DA:18,8
DA:19,32
DA:20,26
DA:21,1
DA:22,2
DA:25,8
DA:26,44
DA:29,8
DA:30,32
DA:31,27
DA:32,1
DA:33,2
DA:36,8
DA:37,41
DA:40,16
DA:41,39
DA:42,38
DA:43,3
DA:46,16
DA:47,38
DA:48,37
DA:49,3
DA:53,0
DA:54,0
DA:55,0
DA:56,0
DA:57,1
LF:61
LH:35
end_of_record
TN:
SF:src/generated/context/seconds-statement-context.ts
FNF:7
FNH:6
DA:1,43
DA:3,60
DA:6,64
DA:7,1
DA:8,8
DA:9,8
DA:10,15
DA:11,5
DA:12,33
DA:13,24
DA:16,8
DA:17,47
DA:20,8
DA:21,47
DA:24,8
DA:25,44
DA:28,16
DA:29,42
DA:30,41
DA:31,3
DA:34,16
DA:35,41
DA:36,40
DA:37,3
DA:41,0
DA:42,0
DA:43,0
DA:44,0
DA:45,1
LF:49
LH:25
end_of_record
TN:
SF:src/generated/context/value-statement-context.ts
FNF:6
FNH:5
DA:1,43
DA:3,60
DA:6,62
DA:7,1
DA:8,8
DA:9,8
DA:10,15
DA:11,5
DA:12,33
DA:13,24
DA:16,8
DA:17,47
DA:20,8
DA:21,42
DA:24,16
DA:25,40
DA:26,39
DA:27,3
DA:30,16
DA:31,39
DA:32,38
DA:33,3
DA:37,0
DA:38,0
DA:39,0
DA:40,0
DA:41,1
LF:45
LH:23
end_of_record
TN:
SF:src/generated/context/weeks-statement-context.ts
FNF:7
FNH:6
DA:1,43
DA:3,60
DA:6,62
DA:7,1
DA:8,8
DA:9,8
DA:10,15
DA:11,5
DA:12,33
DA:13,24
DA:16,8
DA:17,47
DA:20,8
DA:21,45
DA:24,8
DA:25,42
DA:28,16
DA:29,40
DA:30,39
DA:31,3
DA:34,16
DA:35,39
DA:36,38
DA:37,3
DA:41,0
DA:42,0
DA:43,0
DA:44,0
DA:45,1
LF:49
LH:25
end_of_record
TN:
SF:src/generated/duration-lexer.ts
FNF:10
FNH:8
DA:86,1
DA:88,37
DA:89,34
DA:90,74
DA:91,12
DA:92,40
DA:93,60
DA:94,52
DA:95,16
DA:98,31
DA:99,0
DA:100,0
DA:101,0
DA:102,0
DA:103,0
DA:104,0
DA:105,0
DA:106,0
DA:107,45
DA:110,25
DA:111,71
DA:114,29
DA:115,81
DA:118,28
DA:119,77
DA:122,25
DA:123,82
DA:126,44
DA:127,294
DA:128,302
DA:129,290
DA:130,300
DA:131,282
DA:132,270
DA:133,280
DA:134,290
DA:135,280
DA:136,276
DA:137,264
DA:138,288
DA:139,304
DA:140,296
DA:141,296
DA:142,296
DA:143,292
DA:144,292
DA:145,288
DA:146,286
DA:147,290
DA:148,292
DA:149,292
DA:150,280
DA:151,286
DA:152,282
DA:153,280
DA:154,292
DA:155,292
DA:156,282
DA:157,292
DA:158,282
DA:159,42
DA:160,22
DA:162,33
DA:164,20
DA:165,65
DA:166,112
DA:167,56
DA:168,12
DA:169,9
DA:171,74
DA:174,111
DA:175,65
DA:176,6
DA:177,1
LF:178
LH:66
end_of_record
TN:
SF:src/generated/duration-parser.ts
FNF:23
FNH:22
DA:110,5
DA:112,31
DA:113,51
DA:116,28
DA:117,79
DA:120,29
DA:121,81
DA:124,25
DA:125,73
DA:128,29
DA:129,79
DA:132,0
DA:133,0
DA:134,0
DA:135,0
DA:136,68
DA:139,37
DA:140,34
DA:141,76
DA:142,12
DA:143,42
DA:144,62
DA:145,52
DA:146,12
DA:150,29
DA:151,84
DA:152,12
DA:153,22
DA:154,20
DA:155,12
DA:156,134
DA:157,22
DA:158,44
DA:159,68
DA:160,157
DA:161,24
DA:162,84
DA:163,26
DA:164,56
DA:165,74
DA:166,56
DA:167,82
DA:168,22
DA:169,29
DA:170,24
DA:171,84
DA:172,26
DA:173,56
DA:174,76
DA:175,56
DA:176,82
DA:177,22
DA:178,29
DA:180,36
DA:181,97
DA:182,64
DA:183,94
DA:184,82
DA:185,16
DA:186,43
DA:188,14
DA:189,49
DA:191,37
DA:195,34
DA:196,94
DA:197,12
DA:198,22
DA:199,20
DA:200,12
DA:201,144
DA:202,22
DA:203,30
DA:204,76
DA:205,44
DA:206,52
DA:207,44
DA:208,68
DA:209,138
DA:210,125
DA:211,53
DA:212,52
DA:213,76
DA:214,17
DA:215,48
DA:216,72
DA:217,138
DA:218,11
DA:219,18
DA:220,49
DA:221,32
DA:222,47
DA:223,41
DA:224,16
DA:225,39
DA:227,14
DA:228,49
DA:230,37
DA:234,38
DA:235,34
DA:236,134
DA:237,152
DA:238,24
DA:239,22
DA:240,76
DA:241,44
DA:242,60
DA:243,70
DA:244,43
DA:245,31
DA:246,86
DA:247,55
DA:249,44
DA:250,62
DA:251,18
DA:252,49
DA:253,32
DA:254,47
DA:255,41
DA:256,16
DA:257,39
DA:259,14
DA:260,49
DA:262,37
DA:266,28
DA:267,82
DA:268,12
DA:269,22
DA:270,20
DA:271,12
DA:272,132
DA:273,24
DA:274,22
DA:275,76
DA:276,44
DA:277,56
DA:278,44
DA:279,68
DA:280,60
DA:281,79
DA:282,48
DA:283,64
DA:284,48
DA:285,72
DA:286,60
DA:287,11
DA:288,18
DA:289,49
DA:290,32
DA:291,47
DA:292,41
DA:293,16
DA:294,39
DA:296,14
DA:297,49
DA:299,37
DA:303,32
DA:304,90
DA:305,12
DA:306,22
DA:307,20
DA:308,12
DA:309,140
DA:310,24
DA:311,22
DA:312,76
DA:313,44
DA:314,60
DA:315,70
DA:316,43
DA:317,31
DA:318,86
DA:319,55
DA:321,44
DA:322,54
DA:323,18
DA:324,49
DA:325,32
DA:326,47
DA:327,41
DA:328,16
DA:329,39
DA:331,14
DA:332,49
DA:334,37
DA:338,30
DA:339,86
DA:340,12
DA:341,22
DA:342,20
DA:343,12
DA:344,138
DA:345,22
DA:346,44
DA:347,68
DA:348,76
DA:349,16
DA:350,15
DA:351,15
DA:352,15
DA:353,15
DA:354,20
DA:355,26
DA:356,84
DA:357,26
DA:358,56
DA:359,70
DA:360,22
DA:361,29
DA:362,24
DA:363,84
DA:364,26
DA:365,56
DA:366,84
DA:367,56
DA:368,76
DA:369,56
DA:370,80
DA:371,22
DA:372,55
DA:374,91
DA:376,36
DA:377,97
DA:378,64
DA:379,94
DA:380,82
DA:381,16
DA:382,43
DA:384,14
DA:385,49
DA:387,37
DA:391,33
DA:392,92
DA:393,12
DA:394,22
DA:395,20
DA:396,12
DA:397,144
DA:398,24
DA:399,22
DA:400,76
DA:401,44
DA:402,68
DA:403,157
DA:404,24
DA:405,26
DA:406,56
DA:407,64
DA:408,22
DA:409,30
DA:411,44
DA:412,68
DA:413,157
DA:414,24
DA:415,26
DA:416,56
DA:417,62
DA:418,22
DA:419,30
DA:421,44
DA:422,68
DA:423,157
DA:424,24
DA:425,26
DA:426,56
DA:427,64
DA:428,22
DA:429,30
DA:431,44
DA:432,68
DA:433,157
DA:434,24
DA:435,26
DA:436,56
DA:437,68
DA:438,22
DA:439,30
DA:441,44
DA:442,68
DA:443,157
DA:444,24
DA:445,26
DA:446,56
DA:447,68
DA:448,22
DA:449,30
DA:451,44
DA:452,68
DA:453,60
DA:454,49
DA:455,48
DA:456,70
DA:457,12
DA:458,36
DA:459,97
DA:460,64
DA:461,94
DA:462,82
DA:463,16
DA:464,43
DA:466,14
DA:467,49
DA:469,37
DA:473,30
DA:474,86
DA:475,12
DA:476,22
DA:477,20
DA:478,12
DA:479,138
DA:480,22
DA:481,76
DA:482,44
DA:483,80
DA:484,44
DA:485,74
DA:486,18
DA:487,49
DA:488,32
DA:489,47
DA:490,41
DA:491,16
DA:492,39
DA:494,14
DA:495,49
DA:497,37
DA:501,29
DA:502,84
DA:503,12
DA:504,22
DA:505,20
DA:506,12
DA:507,136
DA:508,22
DA:509,76
DA:510,44
DA:511,80
DA:512,44
DA:513,72
DA:514,18
DA:515,49
DA:516,32
DA:517,47
DA:518,41
DA:519,16
DA:520,39
DA:522,14
DA:523,49
DA:525,37
DA:529,30
DA:530,86
DA:531,12
DA:532,22
DA:533,20
DA:534,12
DA:535,138
DA:536,22
DA:537,76
DA:538,44
DA:539,80
DA:540,44
DA:541,74
DA:542,18
DA:543,49
DA:544,32
DA:545,47
DA:546,41
DA:547,16
DA:548,39
DA:550,14
DA:551,49
DA:553,37
DA:557,32
DA:558,90
DA:559,12
DA:560,22
DA:561,20
DA:562,12
DA:563,142
DA:564,22
DA:565,76
DA:566,44
DA:567,80
DA:568,44
DA:569,78
DA:570,18
DA:571,49
DA:572,32
DA:573,47
DA:574,41
DA:575,16
DA:576,39
DA:578,14
DA:579,49
DA:581,37
DA:585,32
DA:586,90
DA:587,12
DA:588,22
DA:589,20
DA:590,12
DA:591,142
DA:592,22
DA:593,76
DA:594,44
DA:595,80
DA:596,44
DA:597,78
DA:598,18
DA:599,49
DA:600,32
DA:601,47
DA:602,41
DA:603,16
DA:604,39
DA:606,14
DA:607,49
DA:609,37
DA:613,37
DA:614,34
DA:615,132
DA:616,152
DA:617,22
DA:618,76
DA:619,44
DA:620,80
DA:621,44
DA:622,91
DA:623,36
DA:624,97
DA:625,64
DA:626,94
DA:627,82
DA:628,16
DA:629,43
DA:631,14
DA:632,49
DA:634,37
DA:638,30
DA:639,86
DA:640,12
DA:641,22
DA:642,20
DA:643,12
DA:644,138
DA:645,22
DA:646,76
DA:647,44
DA:648,78
DA:649,18
DA:650,49
DA:651,32
DA:652,47
DA:653,41
DA:654,16
DA:655,39
DA:657,14
DA:658,49
DA:660,52
DA:663,44
DA:664,294
DA:665,304
DA:666,288
DA:667,298
DA:668,296
DA:669,304
DA:670,296
DA:671,302
DA:672,284
DA:673,276
DA:674,294
DA:675,286
DA:676,292
DA:677,292
DA:678,282
DA:679,290
DA:680,288
DA:681,292
DA:682,290
DA:683,292
DA:684,290
DA:685,280
DA:686,292
DA:687,292
DA:688,282
DA:689,292
DA:690,292
DA:691,284
DA:692,284
DA:693,280
DA:694,282
DA:695,282
DA:696,292
DA:697,282
DA:698,284
DA:699,272
DA:700,226
DA:701,22
DA:703,33
DA:705,20
DA:706,67
DA:707,114
DA:708,58
DA:709,12
DA:710,9
DA:712,76
DA:715,113
DA:716,65
DA:717,6
DA:718,1
LF:719
LH:505
end_of_record
TN:
SF:src/terms/contexts-guards.ts
FNF:2
FNH:2
DA:4,41
DA:5,12
DA:7,32
DA:8,31
DA:9,32
DA:10,34
DA:11,34
DA:12,35
DA:14,42
DA:15,12
DA:17,65
LF:18
LH:11
end_of_record
TN:
SF:src/terms/duration-expression-tail.ts
FNF:4
FNH:4
DA:3,128
DA:5,139
DA:8,3
DA:9,24
DA:10,10
DA:11,34
DA:12,151
DA:13,150
DA:14,119
DA:17,13
DA:18,78
DA:19,91
DA:20,10
DA:22,65
DA:23,69
DA:24,62
DA:25,107
DA:27,62
DA:28,113
DA:31,45
DA:35,68
DA:36,2
LF:37
LH:22
end_of_record
TN:
SF:src/terms/duration-expression.ts
FNF:5
FNH:5
DA:4,146
DA:5,103
DA:9,3
DA:10,24
DA:11,10
DA:12,114
DA:14,44
DA:15,60
DA:16,41
DA:17,75
DA:18,12
DA:20,93
DA:23,13
DA:24,54
DA:25,61
DA:26,10
DA:28,43
DA:29,76
DA:31,71
DA:32,75
DA:33,12
DA:35,34
DA:37,2
LF:38
LH:23
end_of_record
TN:
SF:src/terms/duration-factor.ts
FNF:3
FNH:3
DA:3,136
DA:4,128
DA:5,123
DA:9,37
DA:10,42
DA:11,128
DA:13,67
DA:14,113
DA:15,9
DA:17,113
DA:18,75
DA:19,79
DA:21,73
DA:24,13
DA:25,73
DA:26,10
DA:28,82
DA:29,2
LF:30
LH:18
end_of_record
TN:
SF:src/terms/duration-statement.ts
FNF:3
FNH:3
DA:1,128
DA:12,54
DA:14,42
DA:15,39
DA:26,97
DA:28,43
DA:29,58
DA:30,124
DA:31,120
DA:32,124
DA:33,132
DA:34,132
DA:35,134
DA:36,12
DA:38,126
DA:41,65
DA:42,57
DA:43,37
DA:44,9
DA:46,152
DA:48,2
LF:49
LH:21
end_of_record
TN:
SF:src/terms/duration-term-tail.ts
FNF:4
FNH:4
DA:3,115
DA:6,37
DA:7,34
DA:8,127
DA:9,146
DA:10,99
DA:13,13
DA:14,78
DA:15,67
DA:16,10
DA:18,55
DA:19,69
DA:20,50
DA:21,77
DA:23,50
DA:24,83
DA:27,45
DA:31,68
DA:32,2
LF:33
LH:19
end_of_record
TN:
SF:src/terms/duration-term.ts
FNF:6
FNH:6
DA:4,112
DA:5,121
DA:9,37
DA:10,122
DA:12,44
DA:13,48
DA:14,41
DA:15,63
DA:16,4
DA:17,106
DA:19,81
DA:22,13
DA:23,54
DA:24,61
DA:25,10
DA:27,43
DA:28,76
DA:30,71
DA:31,65
DA:32,12
DA:34,34
DA:36,2
LF:37
LH:22
end_of_record
TN:
SF:src/terms/types/expression-operator.ts
FNF:1
FNH:1
DA:1,84
DA:2,60
DA:3,61
LF:5
LH:3
end_of_record
TN:
SF:src/terms/types/term-operator.ts
FNF:1
FNH:1
DA:1,66
DA:2,48
DA:3,49
LF:5
LH:3
end_of_record
TN:
SF:test/_helpers_/antlr-mocks.ts
FNF:68
FNH:60
DA:10,140
DA:11,116
DA:13,83
DA:14,61
DA:16,69
DA:17,60
DA:19,37
DA:20,82
DA:21,60
DA:22,58
DA:23,60
DA:24,64
DA:25,64
DA:26,68
DA:27,8
DA:29,96
DA:30,60
DA:31,108
DA:32,60
DA:33,114
DA:34,114
DA:35,130
DA:36,85
DA:37,8
DA:39,80
DA:40,110
DA:41,108
DA:42,110
DA:43,114
DA:44,114
DA:45,120
DA:46,8
DA:48,74
DA:49,110
DA:50,108
DA:51,110
DA:52,114
DA:53,114
DA:54,124
DA:55,8
DA:57,74
DA:58,60
DA:59,108
DA:60,60
DA:61,114
DA:62,114
DA:63,124
DA:64,8
DA:66,86
DA:67,126
DA:68,53
DA:69,8
DA:71,86
DA:72,126
DA:73,53
DA:74,8
DA:76,76
DA:77,62
DA:78,88
DA:79,8
DA:81,76
DA:82,38
DA:83,88
DA:84,8
DA:86,64
DA:87,132
DA:88,71
DA:89,84
DA:90,78
DA:91,5
DA:92,8
DA:94,64
DA:95,132
DA:96,64
DA:97,8
DA:99,76
DA:100,106
DA:101,76
DA:102,8
DA:104,88
DA:105,74
DA:106,124
DA:107,8
DA:109,88
DA:110,38
DA:111,124
DA:112,8
DA:114,88
DA:115,106
DA:116,76
DA:117,8
DA:119,88
DA:120,106
DA:121,83
DA:122,90
DA:123,5
DA:124,8
DA:126,88
DA:127,10
DA:128,106
DA:129,83
DA:130,96
DA:131,90
DA:132,5
DA:133,8
DA:135,76
DA:136,66
DA:137,62
DA:138,8
DA:140,72
DA:141,66
DA:142,136
DA:143,8
DA:145,74
DA:146,57
DA:147,53
DA:148,8
DA:150,78
DA:151,87
DA:152,90
DA:153,6
DA:154,2
LF:155
LH:122
end_of_record
